#
# There is insufficient memory for the Java Runtime Environment to continue.
# Native memory allocation (mmap) failed to map 65536 bytes for Failed to commit metaspace.
# Possible reasons:
#   The system is out of physical RAM or swap space
#   The process is running with CompressedOops enabled, and the Java Heap may be blocking the growth of the native heap
# Possible solutions:
#   Reduce memory load on the system
#   Increase physical memory or swap space
#   Check if swap backing store is full
#   Decrease Java heap size (-Xmx/-Xms)
#   Decrease number of Java threads
#   Decrease Java thread stack sizes (-Xss)
#   Set larger code cache with -XX:ReservedCodeCacheSize=
#   JVM is running with Unscaled Compressed Oops mode in which the Java heap is
#     placed in the first 4GB address space. The Java Heap base address is the
#     maximum limit for the native heap growth. Please use -XX:HeapBaseMinAddress
#     to set the Java Heap base and to place the Java Heap above 4GB virtual address.
# This output file may be truncated or incomplete.
#
#  Out of Memory Error (virtualSpaceNode.cpp:110), pid=196116, tid=194616
#
# JRE version: OpenJDK Runtime Environment Temurin-17.0.5+8 (17.0.5+8) (build 17.0.5+8)
# Java VM: OpenJDK 64-Bit Server VM Temurin-17.0.5+8 (17.0.5+8, mixed mode, tiered, compressed oops, compressed class ptrs, g1 gc, windows-amd64)
# No core dump will be written. Minidumps are not enabled by default on client versions of Windows
#

---------------  S U M M A R Y ------------

Command Line: -Dfile.encoding=MS949 -XX:+ShowCodeDetailsInExceptionMessages ezen.ams.AMS2

Host: Intel(R) Core(TM) i7-3770 CPU @ 3.40GHz, 8 cores, 7G,  Windows 10 , 64 bit Build 19041 (10.0.19041.2364)
Time: Tue Jan 17 17:34:46 2023  Windows 10 , 64 bit Build 19041 (10.0.19041.2364) elapsed time: 0.187671 seconds (0d 0h 0m 0s)

---------------  T H R E A D  ---------------

Current thread (0x00000297888cb790):  JavaThread "main" [_thread_in_vm, id=194616, stack(0x000000bc59700000,0x000000bc59800000)]

Stack: [0x000000bc59700000,0x000000bc59800000]
Native frames: (J=compiled Java code, j=interpreted, Vv=VM code, C=native code)
V  [jvm.dll+0x676b3a]
V  [jvm.dll+0x831444]
V  [jvm.dll+0x832bee]
V  [jvm.dll+0x833253]
V  [jvm.dll+0x244ce5]
V  [jvm.dll+0x82d4db]
V  [jvm.dll+0x61b2f6]
V  [jvm.dll+0x61b35a]
V  [jvm.dll+0x61db7a]
V  [jvm.dll+0x61bc96]
V  [jvm.dll+0x23a7d0]
V  [jvm.dll+0x1ea39d]
V  [jvm.dll+0x1dfdd1]
V  [jvm.dll+0x53be30]
V  [jvm.dll+0x1f05a7]
V  [jvm.dll+0x7ab9db]
V  [jvm.dll+0x7acd82]
V  [jvm.dll+0x7ad0b8]
V  [jvm.dll+0x23d0ee]
V  [jvm.dll+0x3819d0]
C  0x000002978bfabc78

Java frames: (J=compiled Java code, j=interpreted, Vv=VM code)
j  java.lang.invoke.DelegatingMethodHandle.chooseDelegatingForm(Ljava/lang/invoke/MethodHandle;)Ljava/lang/invoke/LambdaForm;+1 java.base@17.0.5
j  java.lang.invoke.DelegatingMethodHandle.<init>(Ljava/lang/invoke/MethodType;Ljava/lang/invoke/MethodHandle;)V+3 java.base@17.0.5
j  java.lang.invoke.MethodHandleImpl$AsVarargsCollector.<init>(Ljava/lang/invoke/MethodType;Ljava/lang/invoke/MethodHandle;Ljava/lang/Class;)V+3 java.base@17.0.5
j  java.lang.invoke.MethodHandleImpl$AsVarargsCollector.<init>(Ljava/lang/invoke/MethodHandle;Ljava/lang/Class;)V+7 java.base@17.0.5
j  java.lang.invoke.MethodHandleImpl.makeVarargsCollector(Ljava/lang/invoke/MethodHandle;Ljava/lang/Class;)Ljava/lang/invoke/MethodHandle;+43 java.base@17.0.5
j  java.lang.invoke.MethodHandle.asVarargsCollector(Ljava/lang/Class;)Ljava/lang/invoke/MethodHandle;+36 java.base@17.0.5
j  java.lang.invoke.MethodHandle.withVarargs(Z)Ljava/lang/invoke/MethodHandle;+33 java.base@17.0.5
j  java.lang.invoke.MethodHandle.setVarargs(Ljava/lang/invoke/MemberName;)Ljava/lang/invoke/MethodHandle;+11 java.base@17.0.5
j  java.lang.invoke.MethodHandles$Lookup.getDirectMethodCommon(BLjava/lang/Class;Ljava/lang/invoke/MemberName;ZZLjava/lang/invoke/MethodHandles$Lookup;)Ljava/lang/invoke/MethodHandle;+272 java.base@17.0.5
j  java.lang.invoke.MethodHandles$Lookup.getDirectMethodNoSecurityManager(BLjava/lang/Class;Ljava/lang/invoke/MemberName;Ljava/lang/invoke/MethodHandles$Lookup;)Ljava/lang/invoke/MethodHandle;+14 java.base@17.0.5
j  java.lang.invoke.MethodHandles$Lookup.getDirectMethodForConstant(BLjava/lang/Class;Ljava/lang/invoke/MemberName;)Ljava/lang/invoke/MethodHandle;+31 java.base@17.0.5
j  java.lang.invoke.MethodHandles$Lookup.linkMethodHandleConstant(BLjava/lang/Class;Ljava/lang/String;Ljava/lang/Object;)Ljava/lang/invoke/MethodHandle;+153 java.base@17.0.5
j  java.lang.invoke.MethodHandleNatives.linkMethodHandleConstant(Ljava/lang/Class;ILjava/lang/Class;Ljava/lang/String;Ljava/lang/Object;)Ljava/lang/invoke/MethodHandle;+38 java.base@17.0.5
v  ~StubRoutines::call_stub
j  java.awt.Toolkit$1.run()Ljava/lang/String;+13 java.desktop@17.0.5
j  java.awt.Toolkit$1.run()Ljava/lang/Object;+1 java.desktop@17.0.5
j  java.security.AccessController.executePrivileged(Ljava/security/PrivilegedAction;Ljava/security/AccessControlContext;Ljava/lang/Class;)Ljava/lang/Object;+29 java.base@17.0.5
j  java.security.AccessController.doPrivileged(Ljava/security/PrivilegedAction;)Ljava/lang/Object;+5 java.base@17.0.5
j  java.awt.Toolkit.initAssistiveTechnologies()V+21 java.desktop@17.0.5
j  java.awt.Toolkit.initStatic()V+24 java.desktop@17.0.5
j  java.awt.Toolkit.<clinit>()V+20 java.desktop@17.0.5
v  ~StubRoutines::call_stub
j  java.awt.Component.<clinit>()V+93 java.desktop@17.0.5
v  ~StubRoutines::call_stub
j  ezen.ams.AMS2.main([Ljava/lang/String;)V+61
v  ~StubRoutines::call_stub

---------------  P R O C E S S  ---------------

Threads class SMR info:
_java_thread_list=0x00000297a35a4c50, length=12, elements={
0x00000297888cb790, 0x00000297a28f53d0, 0x00000297a28bdd60, 0x00000297a28e2190,
0x00000297a34267b0, 0x00000297a3427070, 0x00000297a342c5e0, 0x00000297a345c020,
0x00000297a345c940, 0x00000297a346fa10, 0x00000297a35be860, 0x00000297a35d3040
}

Java Threads: ( => current thread )
=>0x00000297888cb790 JavaThread "main" [_thread_in_vm, id=194616, stack(0x000000bc59700000,0x000000bc59800000)]
  0x00000297a28f53d0 JavaThread "Reference Handler" daemon [_thread_blocked, id=194900, stack(0x000000bc59e00000,0x000000bc59f00000)]
  0x00000297a28bdd60 JavaThread "Finalizer" daemon [_thread_blocked, id=194148, stack(0x000000bc59f00000,0x000000bc5a000000)]
  0x00000297a28e2190 JavaThread "Signal Dispatcher" daemon [_thread_blocked, id=189120, stack(0x000000bc5a000000,0x000000bc5a100000)]
  0x00000297a34267b0 JavaThread "Attach Listener" daemon [_thread_blocked, id=192700, stack(0x000000bc5a100000,0x000000bc5a200000)]
  0x00000297a3427070 JavaThread "Service Thread" daemon [_thread_blocked, id=183516, stack(0x000000bc5a200000,0x000000bc5a300000)]
  0x00000297a342c5e0 JavaThread "Monitor Deflation Thread" daemon [_thread_blocked, id=180596, stack(0x000000bc5a300000,0x000000bc5a400000)]
  0x00000297a345c020 JavaThread "C2 CompilerThread0" daemon [_thread_blocked, id=195276, stack(0x000000bc5a400000,0x000000bc5a500000)]
  0x00000297a345c940 JavaThread "C1 CompilerThread0" daemon [_thread_blocked, id=196472, stack(0x000000bc5a500000,0x000000bc5a600000)]
  0x00000297a346fa10 JavaThread "Sweeper thread" daemon [_thread_blocked, id=194136, stack(0x000000bc5a600000,0x000000bc5a700000)]
  0x00000297a35be860 JavaThread "Notification Thread" daemon [_thread_blocked, id=181948, stack(0x000000bc5a700000,0x000000bc5a800000)]
  0x00000297a35d3040 JavaThread "Common-Cleaner" daemon [_thread_blocked, id=195336, stack(0x000000bc5a900000,0x000000bc5aa00000)]

Other Threads:
  0x00000297a28b8a10 VMThread "VM Thread" [stack: 0x000000bc59d00000,0x000000bc59e00000] [id=192660]
  0x00000297a35c0d40 WatcherThread [stack: 0x000000bc5a800000,0x000000bc5a900000] [id=190620]
  0x00000297889262f0 GCTaskThread "GC Thread#0" [stack: 0x000000bc59800000,0x000000bc59900000] [id=196204]
  0x00000297889377e0 ConcurrentGCThread "G1 Main Marker" [stack: 0x000000bc59900000,0x000000bc59a00000] [id=187900]
  0x0000029788938100 ConcurrentGCThread "G1 Conc#0" [stack: 0x000000bc59a00000,0x000000bc59b00000] [id=189896]
  0x000002978899d150 ConcurrentGCThread "G1 Refine#0" [stack: 0x000000bc59b00000,0x000000bc59c00000] [id=182836]
  0x000002978899da80 ConcurrentGCThread "G1 Service" [stack: 0x000000bc59c00000,0x000000bc59d00000] [id=171216]

Threads with active compile tasks:

VM state: not at safepoint (normal execution)

VM Mutex/Monitor currently owned by a thread:  ([mutex/lock_event])
[0x00000297888c5510] Metaspace_lock - owner thread: 0x00000297888cb790

Heap address: 0x0000000080800000, size: 2040 MB, Compressed Oops mode: 32-bit

CDS archive(s) not mapped
Compressed class space mapped at: 0x0000000100000000-0x0000000140000000, reserved size: 1073741824
Narrow klass base: 0x0000000000000000, Narrow klass shift: 3, Narrow klass range: 0x140000000

GC Precious Log:
 CPUs: 8 total, 8 available
 Memory: 8156M
 Large Page Support: Disabled
 NUMA Support: Disabled
 Compressed Oops: Enabled (32-bit)
 Heap Region Size: 1M
 Heap Min Capacity: 8M
 Heap Initial Capacity: 128M
 Heap Max Capacity: 2040M
 Pre-touch: Disabled
 Parallel Workers: 8
 Concurrent Workers: 2
 Concurrent Refinement Workers: 8
 Periodic GC: Disabled

Heap:
 garbage-first heap   total 131072K, used 2048K [0x0000000080800000, 0x0000000100000000)
  region size 1024K, 3 young (3072K), 0 survivors (0K)
 Metaspace       used 6103K, committed 6208K, reserved 1056768K
  class space    used 514K, committed 576K, reserved 1048576K

Heap Regions: E=young(eden), S=young(survivor), O=old, HS=humongous(starts), HC=humongous(continues), CS=collection set, F=free, OA=open archive, CA=closed archive, TAMS=top-at-mark-start (previous, next)
|   0|0x0000000080800000, 0x0000000080800000, 0x0000000080900000|  0%| F|  |TAMS 0x0000000080800000, 0x0000000080800000| Untracked 
|   1|0x0000000080900000, 0x0000000080900000, 0x0000000080a00000|  0%| F|  |TAMS 0x0000000080900000, 0x0000000080900000| Untracked 
|   2|0x0000000080a00000, 0x0000000080a00000, 0x0000000080b00000|  0%| F|  |TAMS 0x0000000080a00000, 0x0000000080a00000| Untracked 
|   3|0x0000000080b00000, 0x0000000080b00000, 0x0000000080c00000|  0%| F|  |TAMS 0x0000000080b00000, 0x0000000080b00000| Untracked 
|   4|0x0000000080c00000, 0x0000000080c00000, 0x0000000080d00000|  0%| F|  |TAMS 0x0000000080c00000, 0x0000000080c00000| Untracked 
|   5|0x0000000080d00000, 0x0000000080d00000, 0x0000000080e00000|  0%| F|  |TAMS 0x0000000080d00000, 0x0000000080d00000| Untracked 
|   6|0x0000000080e00000, 0x0000000080e00000, 0x0000000080f00000|  0%| F|  |TAMS 0x0000000080e00000, 0x0000000080e00000| Untracked 
|   7|0x0000000080f00000, 0x0000000080f00000, 0x0000000081000000|  0%| F|  |TAMS 0x0000000080f00000, 0x0000000080f00000| Untracked 
|   8|0x0000000081000000, 0x0000000081000000, 0x0000000081100000|  0%| F|  |TAMS 0x0000000081000000, 0x0000000081000000| Untracked 
|   9|0x0000000081100000, 0x0000000081100000, 0x0000000081200000|  0%| F|  |TAMS 0x0000000081100000, 0x0000000081100000| Untracked 
|  10|0x0000000081200000, 0x0000000081200000, 0x0000000081300000|  0%| F|  |TAMS 0x0000000081200000, 0x0000000081200000| Untracked 
|  11|0x0000000081300000, 0x0000000081300000, 0x0000000081400000|  0%| F|  |TAMS 0x0000000081300000, 0x0000000081300000| Untracked 
|  12|0x0000000081400000, 0x0000000081400000, 0x0000000081500000|  0%| F|  |TAMS 0x0000000081400000, 0x0000000081400000| Untracked 
|  13|0x0000000081500000, 0x0000000081500000, 0x0000000081600000|  0%| F|  |TAMS 0x0000000081500000, 0x0000000081500000| Untracked 
|  14|0x0000000081600000, 0x0000000081600000, 0x0000000081700000|  0%| F|  |TAMS 0x0000000081600000, 0x0000000081600000| Untracked 
|  15|0x0000000081700000, 0x0000000081700000, 0x0000000081800000|  0%| F|  |TAMS 0x0000000081700000, 0x0000000081700000| Untracked 
|  16|0x0000000081800000, 0x0000000081800000, 0x0000000081900000|  0%| F|  |TAMS 0x0000000081800000, 0x0000000081800000| Untracked 
|  17|0x0000000081900000, 0x0000000081900000, 0x0000000081a00000|  0%| F|  |TAMS 0x0000000081900000, 0x0000000081900000| Untracked 
|  18|0x0000000081a00000, 0x0000000081a00000, 0x0000000081b00000|  0%| F|  |TAMS 0x0000000081a00000, 0x0000000081a00000| Untracked 
|  19|0x0000000081b00000, 0x0000000081b00000, 0x0000000081c00000|  0%| F|  |TAMS 0x0000000081b00000, 0x0000000081b00000| Untracked 
|  20|0x0000000081c00000, 0x0000000081c00000, 0x0000000081d00000|  0%| F|  |TAMS 0x0000000081c00000, 0x0000000081c00000| Untracked 
|  21|0x0000000081d00000, 0x0000000081d00000, 0x0000000081e00000|  0%| F|  |TAMS 0x0000000081d00000, 0x0000000081d00000| Untracked 
|  22|0x0000000081e00000, 0x0000000081e00000, 0x0000000081f00000|  0%| F|  |TAMS 0x0000000081e00000, 0x0000000081e00000| Untracked 
|  23|0x0000000081f00000, 0x0000000081f00000, 0x0000000082000000|  0%| F|  |TAMS 0x0000000081f00000, 0x0000000081f00000| Untracked 
|  24|0x0000000082000000, 0x0000000082000000, 0x0000000082100000|  0%| F|  |TAMS 0x0000000082000000, 0x0000000082000000| Untracked 
|  25|0x0000000082100000, 0x0000000082100000, 0x0000000082200000|  0%| F|  |TAMS 0x0000000082100000, 0x0000000082100000| Untracked 
|  26|0x0000000082200000, 0x0000000082200000, 0x0000000082300000|  0%| F|  |TAMS 0x0000000082200000, 0x0000000082200000| Untracked 
|  27|0x0000000082300000, 0x0000000082300000, 0x0000000082400000|  0%| F|  |TAMS 0x0000000082300000, 0x0000000082300000| Untracked 
|  28|0x0000000082400000, 0x0000000082400000, 0x0000000082500000|  0%| F|  |TAMS 0x0000000082400000, 0x0000000082400000| Untracked 
|  29|0x0000000082500000, 0x0000000082500000, 0x0000000082600000|  0%| F|  |TAMS 0x0000000082500000, 0x0000000082500000| Untracked 
|  30|0x0000000082600000, 0x0000000082600000, 0x0000000082700000|  0%| F|  |TAMS 0x0000000082600000, 0x0000000082600000| Untracked 
|  31|0x0000000082700000, 0x0000000082700000, 0x0000000082800000|  0%| F|  |TAMS 0x0000000082700000, 0x0000000082700000| Untracked 
|  32|0x0000000082800000, 0x0000000082800000, 0x0000000082900000|  0%| F|  |TAMS 0x0000000082800000, 0x0000000082800000| Untracked 
|  33|0x0000000082900000, 0x0000000082900000, 0x0000000082a00000|  0%| F|  |TAMS 0x0000000082900000, 0x0000000082900000| Untracked 
|  34|0x0000000082a00000, 0x0000000082a00000, 0x0000000082b00000|  0%| F|  |TAMS 0x0000000082a00000, 0x0000000082a00000| Untracked 
|  35|0x0000000082b00000, 0x0000000082b00000, 0x0000000082c00000|  0%| F|  |TAMS 0x0000000082b00000, 0x0000000082b00000| Untracked 
|  36|0x0000000082c00000, 0x0000000082c00000, 0x0000000082d00000|  0%| F|  |TAMS 0x0000000082c00000, 0x0000000082c00000| Untracked 
|  37|0x0000000082d00000, 0x0000000082d00000, 0x0000000082e00000|  0%| F|  |TAMS 0x0000000082d00000, 0x0000000082d00000| Untracked 
|  38|0x0000000082e00000, 0x0000000082e00000, 0x0000000082f00000|  0%| F|  |TAMS 0x0000000082e00000, 0x0000000082e00000| Untracked 
|  39|0x0000000082f00000, 0x0000000082f00000, 0x0000000083000000|  0%| F|  |TAMS 0x0000000082f00000, 0x0000000082f00000| Untracked 
|  40|0x0000000083000000, 0x0000000083000000, 0x0000000083100000|  0%| F|  |TAMS 0x0000000083000000, 0x0000000083000000| Untracked 
|  41|0x0000000083100000, 0x0000000083100000, 0x0000000083200000|  0%| F|  |TAMS 0x0000000083100000, 0x0000000083100000| Untracked 
|  42|0x0000000083200000, 0x0000000083200000, 0x0000000083300000|  0%| F|  |TAMS 0x0000000083200000, 0x0000000083200000| Untracked 
|  43|0x0000000083300000, 0x0000000083300000, 0x0000000083400000|  0%| F|  |TAMS 0x0000000083300000, 0x0000000083300000| Untracked 
|  44|0x0000000083400000, 0x0000000083400000, 0x0000000083500000|  0%| F|  |TAMS 0x0000000083400000, 0x0000000083400000| Untracked 
|  45|0x0000000083500000, 0x0000000083500000, 0x0000000083600000|  0%| F|  |TAMS 0x0000000083500000, 0x0000000083500000| Untracked 
|  46|0x0000000083600000, 0x0000000083600000, 0x0000000083700000|  0%| F|  |TAMS 0x0000000083600000, 0x0000000083600000| Untracked 
|  47|0x0000000083700000, 0x0000000083700000, 0x0000000083800000|  0%| F|  |TAMS 0x0000000083700000, 0x0000000083700000| Untracked 
|  48|0x0000000083800000, 0x0000000083800000, 0x0000000083900000|  0%| F|  |TAMS 0x0000000083800000, 0x0000000083800000| Untracked 
|  49|0x0000000083900000, 0x0000000083900000, 0x0000000083a00000|  0%| F|  |TAMS 0x0000000083900000, 0x0000000083900000| Untracked 
|  50|0x0000000083a00000, 0x0000000083a00000, 0x0000000083b00000|  0%| F|  |TAMS 0x0000000083a00000, 0x0000000083a00000| Untracked 
|  51|0x0000000083b00000, 0x0000000083b00000, 0x0000000083c00000|  0%| F|  |TAMS 0x0000000083b00000, 0x0000000083b00000| Untracked 
|  52|0x0000000083c00000, 0x0000000083c00000, 0x0000000083d00000|  0%| F|  |TAMS 0x0000000083c00000, 0x0000000083c00000| Untracked 
|  53|0x0000000083d00000, 0x0000000083d00000, 0x0000000083e00000|  0%| F|  |TAMS 0x0000000083d00000, 0x0000000083d00000| Untracked 
|  54|0x0000000083e00000, 0x0000000083e00000, 0x0000000083f00000|  0%| F|  |TAMS 0x0000000083e00000, 0x0000000083e00000| Untracked 
|  55|0x0000000083f00000, 0x0000000083f00000, 0x0000000084000000|  0%| F|  |TAMS 0x0000000083f00000, 0x0000000083f00000| Untracked 
|  56|0x0000000084000000, 0x0000000084000000, 0x0000000084100000|  0%| F|  |TAMS 0x0000000084000000, 0x0000000084000000| Untracked 
|  57|0x0000000084100000, 0x0000000084100000, 0x0000000084200000|  0%| F|  |TAMS 0x0000000084100000, 0x0000000084100000| Untracked 
|  58|0x0000000084200000, 0x0000000084200000, 0x0000000084300000|  0%| F|  |TAMS 0x0000000084200000, 0x0000000084200000| Untracked 
|  59|0x0000000084300000, 0x0000000084300000, 0x0000000084400000|  0%| F|  |TAMS 0x0000000084300000, 0x0000000084300000| Untracked 
|  60|0x0000000084400000, 0x0000000084400000, 0x0000000084500000|  0%| F|  |TAMS 0x0000000084400000, 0x0000000084400000| Untracked 
|  61|0x0000000084500000, 0x0000000084500000, 0x0000000084600000|  0%| F|  |TAMS 0x0000000084500000, 0x0000000084500000| Untracked 
|  62|0x0000000084600000, 0x0000000084600000, 0x0000000084700000|  0%| F|  |TAMS 0x0000000084600000, 0x0000000084600000| Untracked 
|  63|0x0000000084700000, 0x0000000084700000, 0x0000000084800000|  0%| F|  |TAMS 0x0000000084700000, 0x0000000084700000| Untracked 
|  64|0x0000000084800000, 0x0000000084800000, 0x0000000084900000|  0%| F|  |TAMS 0x0000000084800000, 0x0000000084800000| Untracked 
|  65|0x0000000084900000, 0x0000000084900000, 0x0000000084a00000|  0%| F|  |TAMS 0x0000000084900000, 0x0000000084900000| Untracked 
|  66|0x0000000084a00000, 0x0000000084a00000, 0x0000000084b00000|  0%| F|  |TAMS 0x0000000084a00000, 0x0000000084a00000| Untracked 
|  67|0x0000000084b00000, 0x0000000084b00000, 0x0000000084c00000|  0%| F|  |TAMS 0x0000000084b00000, 0x0000000084b00000| Untracked 
|  68|0x0000000084c00000, 0x0000000084c00000, 0x0000000084d00000|  0%| F|  |TAMS 0x0000000084c00000, 0x0000000084c00000| Untracked 
|  69|0x0000000084d00000, 0x0000000084d00000, 0x0000000084e00000|  0%| F|  |TAMS 0x0000000084d00000, 0x0000000084d00000| Untracked 
|  70|0x0000000084e00000, 0x0000000084e00000, 0x0000000084f00000|  0%| F|  |TAMS 0x0000000084e00000, 0x0000000084e00000| Untracked 
|  71|0x0000000084f00000, 0x0000000084f00000, 0x0000000085000000|  0%| F|  |TAMS 0x0000000084f00000, 0x0000000084f00000| Untracked 
|  72|0x0000000085000000, 0x0000000085000000, 0x0000000085100000|  0%| F|  |TAMS 0x0000000085000000, 0x0000000085000000| Untracked 
|  73|0x0000000085100000, 0x0000000085100000, 0x0000000085200000|  0%| F|  |TAMS 0x0000000085100000, 0x0000000085100000| Untracked 
|  74|0x0000000085200000, 0x0000000085200000, 0x0000000085300000|  0%| F|  |TAMS 0x0000000085200000, 0x0000000085200000| Untracked 
|  75|0x0000000085300000, 0x0000000085300000, 0x0000000085400000|  0%| F|  |TAMS 0x0000000085300000, 0x0000000085300000| Untracked 
|  76|0x0000000085400000, 0x0000000085400000, 0x0000000085500000|  0%| F|  |TAMS 0x0000000085400000, 0x0000000085400000| Untracked 
|  77|0x0000000085500000, 0x0000000085500000, 0x0000000085600000|  0%| F|  |TAMS 0x0000000085500000, 0x0000000085500000| Untracked 
|  78|0x0000000085600000, 0x0000000085600000, 0x0000000085700000|  0%| F|  |TAMS 0x0000000085600000, 0x0000000085600000| Untracked 
|  79|0x0000000085700000, 0x0000000085700000, 0x0000000085800000|  0%| F|  |TAMS 0x0000000085700000, 0x0000000085700000| Untracked 
|  80|0x0000000085800000, 0x0000000085800000, 0x0000000085900000|  0%| F|  |TAMS 0x0000000085800000, 0x0000000085800000| Untracked 
|  81|0x0000000085900000, 0x0000000085900000, 0x0000000085a00000|  0%| F|  |TAMS 0x0000000085900000, 0x0000000085900000| Untracked 
|  82|0x0000000085a00000, 0x0000000085a00000, 0x0000000085b00000|  0%| F|  |TAMS 0x0000000085a00000, 0x0000000085a00000| Untracked 
|  83|0x0000000085b00000, 0x0000000085b00000, 0x0000000085c00000|  0%| F|  |TAMS 0x0000000085b00000, 0x0000000085b00000| Untracked 
|  84|0x0000000085c00000, 0x0000000085c00000, 0x0000000085d00000|  0%| F|  |TAMS 0x0000000085c00000, 0x0000000085c00000| Untracked 
|  85|0x0000000085d00000, 0x0000000085d00000, 0x0000000085e00000|  0%| F|  |TAMS 0x0000000085d00000, 0x0000000085d00000| Untracked 
|  86|0x0000000085e00000, 0x0000000085e00000, 0x0000000085f00000|  0%| F|  |TAMS 0x0000000085e00000, 0x0000000085e00000| Untracked 
|  87|0x0000000085f00000, 0x0000000085f00000, 0x0000000086000000|  0%| F|  |TAMS 0x0000000085f00000, 0x0000000085f00000| Untracked 
|  88|0x0000000086000000, 0x0000000086000000, 0x0000000086100000|  0%| F|  |TAMS 0x0000000086000000, 0x0000000086000000| Untracked 
|  89|0x0000000086100000, 0x0000000086100000, 0x0000000086200000|  0%| F|  |TAMS 0x0000000086100000, 0x0000000086100000| Untracked 
|  90|0x0000000086200000, 0x0000000086200000, 0x0000000086300000|  0%| F|  |TAMS 0x0000000086200000, 0x0000000086200000| Untracked 
|  91|0x0000000086300000, 0x0000000086300000, 0x0000000086400000|  0%| F|  |TAMS 0x0000000086300000, 0x0000000086300000| Untracked 
|  92|0x0000000086400000, 0x0000000086400000, 0x0000000086500000|  0%| F|  |TAMS 0x0000000086400000, 0x0000000086400000| Untracked 
|  93|0x0000000086500000, 0x0000000086500000, 0x0000000086600000|  0%| F|  |TAMS 0x0000000086500000, 0x0000000086500000| Untracked 
|  94|0x0000000086600000, 0x0000000086600000, 0x0000000086700000|  0%| F|  |TAMS 0x0000000086600000, 0x0000000086600000| Untracked 
|  95|0x0000000086700000, 0x0000000086700000, 0x0000000086800000|  0%| F|  |TAMS 0x0000000086700000, 0x0000000086700000| Untracked 
|  96|0x0000000086800000, 0x0000000086800000, 0x0000000086900000|  0%| F|  |TAMS 0x0000000086800000, 0x0000000086800000| Untracked 
|  97|0x0000000086900000, 0x0000000086900000, 0x0000000086a00000|  0%| F|  |TAMS 0x0000000086900000, 0x0000000086900000| Untracked 
|  98|0x0000000086a00000, 0x0000000086a00000, 0x0000000086b00000|  0%| F|  |TAMS 0x0000000086a00000, 0x0000000086a00000| Untracked 
|  99|0x0000000086b00000, 0x0000000086b00000, 0x0000000086c00000|  0%| F|  |TAMS 0x0000000086b00000, 0x0000000086b00000| Untracked 
| 100|0x0000000086c00000, 0x0000000086c00000, 0x0000000086d00000|  0%| F|  |TAMS 0x0000000086c00000, 0x0000000086c00000| Untracked 
| 101|0x0000000086d00000, 0x0000000086d00000, 0x0000000086e00000|  0%| F|  |TAMS 0x0000000086d00000, 0x0000000086d00000| Untracked 
| 102|0x0000000086e00000, 0x0000000086e00000, 0x0000000086f00000|  0%| F|  |TAMS 0x0000000086e00000, 0x0000000086e00000| Untracked 
| 103|0x0000000086f00000, 0x0000000086f00000, 0x0000000087000000|  0%| F|  |TAMS 0x0000000086f00000, 0x0000000086f00000| Untracked 
| 104|0x0000000087000000, 0x0000000087000000, 0x0000000087100000|  0%| F|  |TAMS 0x0000000087000000, 0x0000000087000000| Untracked 
| 105|0x0000000087100000, 0x0000000087100000, 0x0000000087200000|  0%| F|  |TAMS 0x0000000087100000, 0x0000000087100000| Untracked 
| 106|0x0000000087200000, 0x0000000087200000, 0x0000000087300000|  0%| F|  |TAMS 0x0000000087200000, 0x0000000087200000| Untracked 
| 107|0x0000000087300000, 0x0000000087300000, 0x0000000087400000|  0%| F|  |TAMS 0x0000000087300000, 0x0000000087300000| Untracked 
| 108|0x0000000087400000, 0x0000000087400000, 0x0000000087500000|  0%| F|  |TAMS 0x0000000087400000, 0x0000000087400000| Untracked 
| 109|0x0000000087500000, 0x0000000087500000, 0x0000000087600000|  0%| F|  |TAMS 0x0000000087500000, 0x0000000087500000| Untracked 
| 110|0x0000000087600000, 0x0000000087600000, 0x0000000087700000|  0%| F|  |TAMS 0x0000000087600000, 0x0000000087600000| Untracked 
| 111|0x0000000087700000, 0x0000000087700000, 0x0000000087800000|  0%| F|  |TAMS 0x0000000087700000, 0x0000000087700000| Untracked 
| 112|0x0000000087800000, 0x0000000087800000, 0x0000000087900000|  0%| F|  |TAMS 0x0000000087800000, 0x0000000087800000| Untracked 
| 113|0x0000000087900000, 0x0000000087900000, 0x0000000087a00000|  0%| F|  |TAMS 0x0000000087900000, 0x0000000087900000| Untracked 
| 114|0x0000000087a00000, 0x0000000087a00000, 0x0000000087b00000|  0%| F|  |TAMS 0x0000000087a00000, 0x0000000087a00000| Untracked 
| 115|0x0000000087b00000, 0x0000000087b00000, 0x0000000087c00000|  0%| F|  |TAMS 0x0000000087b00000, 0x0000000087b00000| Untracked 
| 116|0x0000000087c00000, 0x0000000087c00000, 0x0000000087d00000|  0%| F|  |TAMS 0x0000000087c00000, 0x0000000087c00000| Untracked 
| 117|0x0000000087d00000, 0x0000000087d00000, 0x0000000087e00000|  0%| F|  |TAMS 0x0000000087d00000, 0x0000000087d00000| Untracked 
| 118|0x0000000087e00000, 0x0000000087e00000, 0x0000000087f00000|  0%| F|  |TAMS 0x0000000087e00000, 0x0000000087e00000| Untracked 
| 119|0x0000000087f00000, 0x0000000087f00000, 0x0000000088000000|  0%| F|  |TAMS 0x0000000087f00000, 0x0000000087f00000| Untracked 
| 120|0x0000000088000000, 0x0000000088000000, 0x0000000088100000|  0%| F|  |TAMS 0x0000000088000000, 0x0000000088000000| Untracked 
| 121|0x0000000088100000, 0x0000000088100000, 0x0000000088200000|  0%| F|  |TAMS 0x0000000088100000, 0x0000000088100000| Untracked 
| 122|0x0000000088200000, 0x0000000088200000, 0x0000000088300000|  0%| F|  |TAMS 0x0000000088200000, 0x0000000088200000| Untracked 
| 123|0x0000000088300000, 0x0000000088300000, 0x0000000088400000|  0%| F|  |TAMS 0x0000000088300000, 0x0000000088300000| Untracked 
| 124|0x0000000088400000, 0x0000000088400000, 0x0000000088500000|  0%| F|  |TAMS 0x0000000088400000, 0x0000000088400000| Untracked 
| 125|0x0000000088500000, 0x0000000088576838, 0x0000000088600000| 46%| E|  |TAMS 0x0000000088500000, 0x0000000088500000| Complete 
| 126|0x0000000088600000, 0x0000000088700000, 0x0000000088700000|100%| E|CS|TAMS 0x0000000088600000, 0x0000000088600000| Complete 
| 127|0x0000000088700000, 0x0000000088800000, 0x0000000088800000|100%| E|CS|TAMS 0x0000000088700000, 0x0000000088700000| Complete 

Card table byte_map: [0x000002979b6c0000,0x000002979bac0000] _byte_map_base: 0x000002979b2bc000

Marking Bits (Prev, Next): (CMBitMap*) 0x0000029788926810, (CMBitMap*) 0x0000029788926850
 Prev Bits: [0x000002979bec0000, 0x000002979dea0000)
 Next Bits: [0x000002979dea0000, 0x000002979fe80000)

Polling page: 0x00000297880a0000

Metaspace:

Usage:
  Non-class:      5.46 MB used.
      Class:    514.93 KB used.
       Both:      5.96 MB used.

Virtual space:
  Non-class space:        8.00 MB reserved,       5.50 MB ( 69%) committed,  1 nodes.
      Class space:        1.00 GB reserved,     576.00 KB ( <1%) committed,  1 nodes.
             Both:        1.01 GB reserved,       6.06 MB ( <1%) committed. 

Chunk freelists:
   Non-Class:  2.48 MB
       Class:  3.25 MB
        Both:  5.73 MB

MaxMetaspaceSize: unlimited
CompressedClassSpaceSize: 1.00 GB
Initial GC threshold: 21.00 MB
Current GC threshold: 21.00 MB
CDS: off
MetaspaceReclaimPolicy: balanced
 - commit_granule_bytes: 65536.
 - commit_granule_words: 8192.
 - virtual_space_node_default_size: 1048576.
 - enlarge_chunks_in_place: 1.
 - new_chunks_are_fully_committed: 0.
 - uncommit_free_chunks: 1.
 - use_allocation_guard: 0.
 - handle_deallocations: 1.


Internal statistics:

num_allocs_failed_limit: 0.
num_arena_births: 4.
num_arena_deaths: 0.
num_vsnodes_births: 2.
num_vsnodes_deaths: 0.
num_space_committed: 97.
num_space_uncommitted: 0.
num_chunks_returned_to_freelist: 0.
num_chunks_taken_from_freelist: 17.
num_chunk_merges: 0.
num_chunk_splits: 5.
num_chunks_enlarged: 3.
num_purges: 0.
num_inconsistent_stats: 0.

CodeHeap 'non-profiled nmethods': size=120000Kb used=37Kb max_used=37Kb free=119962Kb
 bounds [0x0000029793a60000, 0x0000029793cd0000, 0x000002979af90000]
CodeHeap 'profiled nmethods': size=120000Kb used=136Kb max_used=136Kb free=119863Kb
 bounds [0x000002978c530000, 0x000002978c7a0000, 0x0000029793a60000]
CodeHeap 'non-nmethods': size=5760Kb used=1088Kb max_used=1102Kb free=4671Kb
 bounds [0x000002978bf90000, 0x000002978c200000, 0x000002978c530000]
 total_blobs=487 nmethods=128 adapters=272
 compilation: enabled
              stopped_count=0, restarted_count=0
 full_count=0

Compilation events (20 events):
Event: 0.171 Thread 0x00000297a345c940  109       3       java.util.concurrent.ConcurrentHashMap::get (162 bytes)
Event: 0.172 Thread 0x00000297a345c940 nmethod 109 0x000002978c54d710 code [0x000002978c54d960, 0x000002978c54e428]
Event: 0.176 Thread 0x00000297a345c940  114       3       java.lang.String::checkBoundsOffCount (64 bytes)
Event: 0.177 Thread 0x00000297a345c940 nmethod 114 0x000002978c54e710 code [0x000002978c54e9a0, 0x000002978c54f298]
Event: 0.178 Thread 0x00000297a345c940  115       1       java.lang.invoke.MethodType::returnType (5 bytes)
Event: 0.178 Thread 0x00000297a345c940 nmethod 115 0x0000029793a67990 code [0x0000029793a67b20, 0x0000029793a67bf8]
Event: 0.179 Thread 0x00000297a345c940  117       3       java.lang.invoke.MemberName::testFlags (16 bytes)
Event: 0.179 Thread 0x00000297a345c940 nmethod 117 0x000002978c54f610 code [0x000002978c54f7a0, 0x000002978c54f918]
Event: 0.180 Thread 0x00000297a345c940  122       3       java.lang.invoke.MethodTypeForm::canonicalize (74 bytes)
Event: 0.180 Thread 0x00000297a345c020  123       4       java.lang.String::hashCode (60 bytes)
Event: 0.180 Thread 0x00000297a345c940 nmethod 122 0x000002978c54f990 code [0x000002978c54fbc0, 0x000002978c5502b8]
Event: 0.181 Thread 0x00000297a345c940  124       3       jdk.internal.jimage.ImageStringsReader::unmaskedHashCode (166 bytes)
Event: 0.182 Thread 0x00000297a345c940 nmethod 124 0x000002978c550510 code [0x000002978c550760, 0x000002978c551338]
Event: 0.185 Thread 0x00000297a345c020 nmethod 123 0x0000029793a68b90 code [0x0000029793a68d00, 0x0000029793a68ef8]
Event: 0.185 Thread 0x00000297a345c940  126       1       java.lang.invoke.MemberName::getDeclaringClass (5 bytes)
Event: 0.185 Thread 0x00000297a345c940 nmethod 126 0x0000029793a69310 code [0x0000029793a694a0, 0x0000029793a69578]
Event: 0.185 Thread 0x00000297a345c940  127       3       java.lang.invoke.MemberName::isInvocable (8 bytes)
Event: 0.186 Thread 0x00000297a345c940 nmethod 127 0x000002978c551810 code [0x000002978c5519c0, 0x000002978c551c58]
Event: 0.186 Thread 0x00000297a345c940  128       3       java.lang.invoke.MemberName::testAnyFlags (15 bytes)
Event: 0.186 Thread 0x00000297a345c940 nmethod 128 0x000002978c551d90 code [0x000002978c551f40, 0x000002978c552178]

GC Heap History (0 events):
No events

Dll operation events (3 events):
Event: 0.008 Loaded shared library C:\ezen-academy\tools\eclipse\plugins\org.eclipse.justj.openjdk.hotspot.jre.full.win32.x86_64_17.0.5.v20221102-0933\jre\bin\java.dll
Event: 0.145 Loaded shared library C:\ezen-academy\tools\eclipse\plugins\org.eclipse.justj.openjdk.hotspot.jre.full.win32.x86_64_17.0.5.v20221102-0933\jre\bin\jimage.dll
Event: 0.185 Loaded shared library C:\ezen-academy\tools\eclipse\plugins\org.eclipse.justj.openjdk.hotspot.jre.full.win32.x86_64_17.0.5.v20221102-0933\jre\bin\awt.dll

Deoptimization events (0 events):
No events

Classes unloaded (0 events):
No events

Classes redefined (0 events):
No events

Internal exceptions (1 events):
Event: 0.171 Thread 0x00000297888cb790 Exception <a 'java/lang/ClassNotFoundException'{0x000000008866fbe0}: sun/awt/resources/spi/awtProvider> (0x000000008866fbe0) 
thrown [s\src\hotspot\share\classfile\systemDictionary.cpp, line 256]

VM Operations (0 events):
No events

Events (20 events):
Event: 0.179 loading class java/util/ResourceBundle$BundleReference done
Event: 0.179 loading class sun/awt/resources/awt_ko
Event: 0.179 loading class sun/awt/resources/awt_ko done
Event: 0.179 loading class sun/awt/resources/awt_ko_KR
Event: 0.179 loading class sun/awt/resources/awt_ko_KR done
Event: 0.179 loading class sun/awt/resources/awt_ko_KR
Event: 0.179 loading class sun/awt/resources/awt_ko_KR done
Event: 0.180 loading class jdk/internal/module/Checks
Event: 0.180 loading class jdk/internal/module/Checks done
Event: 0.181 loading class java/awt/Toolkit$2
Event: 0.181 loading class java/awt/Toolkit$2 done
Event: 0.185 loading class java/awt/Toolkit$1
Event: 0.185 loading class java/awt/Toolkit$1 done
Event: 0.185 loading class java/lang/invoke/MethodHandleImpl$AsVarargsCollector
Event: 0.186 loading class java/lang/invoke/DelegatingMethodHandle
Event: 0.186 loading class java/lang/invoke/DelegatingMethodHandle done
Event: 0.186 loading class java/lang/invoke/MethodHandleImpl$AsVarargsCollector done
Event: 0.186 loading class java/lang/invoke/DelegatingMethodHandle$Holder
Event: 0.186 loading class java/lang/invoke/DelegatingMethodHandle$Holder done
Event: 0.186 loading class java/lang/invoke/SimpleMethodHandle


Dynamic libraries:
0x00007ff7f0670000 - 0x00007ff7f067e000 	C:\ezen-academy\tools\eclipse\plugins\org.eclipse.justj.openjdk.hotspot.jre.full.win32.x86_64_17.0.5.v20221102-0933\jre\bin\javaw.exe
0x00007ffc5a250000 - 0x00007ffc5a448000 	C:\Windows\SYSTEM32\ntdll.dll
0x00007ffc5a010000 - 0x00007ffc5a0cf000 	C:\Windows\System32\KERNEL32.DLL
0x00007ffc57d10000 - 0x00007ffc57fe2000 	C:\Windows\System32\KERNELBASE.dll
0x00007ffc58080000 - 0x00007ffc58180000 	C:\Windows\System32\ucrtbase.dll
0x00007ffc50370000 - 0x00007ffc50387000 	C:\ezen-academy\tools\eclipse\plugins\org.eclipse.justj.openjdk.hotspot.jre.full.win32.x86_64_17.0.5.v20221102-0933\jre\bin\jli.dll
0x00007ffc525d0000 - 0x00007ffc525e9000 	C:\ezen-academy\tools\eclipse\plugins\org.eclipse.justj.openjdk.hotspot.jre.full.win32.x86_64_17.0.5.v20221102-0933\jre\bin\VCRUNTIME140.dll
0x00007ffc58ed0000 - 0x00007ffc59071000 	C:\Windows\System32\USER32.dll
0x00007ffc41820000 - 0x00007ffc41aba000 	C:\Windows\WinSxS\amd64_microsoft.windows.common-controls_6595b64144ccf1df_6.0.19041.1110_none_60b5254171f9507e\COMCTL32.dll
0x00007ffc57a30000 - 0x00007ffc57a52000 	C:\Windows\System32\win32u.dll
0x00007ffc59820000 - 0x00007ffc598be000 	C:\Windows\System32\msvcrt.dll
0x00007ffc59620000 - 0x00007ffc5964b000 	C:\Windows\System32\GDI32.dll
0x00007ffc58180000 - 0x00007ffc5828f000 	C:\Windows\System32\gdi32full.dll
0x00007ffc57a60000 - 0x00007ffc57afd000 	C:\Windows\System32\msvcp_win.dll
0x00007ffc59160000 - 0x00007ffc59192000 	C:\Windows\System32\IMM32.DLL
0x00007ffc53050000 - 0x00007ffc5305c000 	C:\ezen-academy\tools\eclipse\plugins\org.eclipse.justj.openjdk.hotspot.jre.full.win32.x86_64_17.0.5.v20221102-0933\jre\bin\vcruntime140_1.dll
0x00007ffc4f220000 - 0x00007ffc4f2b1000 	C:\ezen-academy\tools\eclipse\plugins\org.eclipse.justj.openjdk.hotspot.jre.full.win32.x86_64_17.0.5.v20221102-0933\jre\bin\msvcp140.dll
0x00007ffbfe450000 - 0x00007ffbff094000 	C:\ezen-academy\tools\eclipse\plugins\org.eclipse.justj.openjdk.hotspot.jre.full.win32.x86_64_17.0.5.v20221102-0933\jre\bin\server\jvm.dll
0x00007ffc58420000 - 0x00007ffc584ce000 	C:\Windows\System32\ADVAPI32.dll
0x00007ffc59490000 - 0x00007ffc5952c000 	C:\Windows\System32\sechost.dll
0x00007ffc5a0e0000 - 0x00007ffc5a205000 	C:\Windows\System32\RPCRT4.dll
0x00007ffc43790000 - 0x00007ffc43799000 	C:\Windows\SYSTEM32\WSOCK32.dll
0x00007ffc51190000 - 0x00007ffc5119a000 	C:\Windows\SYSTEM32\VERSION.dll
0x00007ffc46400000 - 0x00007ffc46427000 	C:\Windows\SYSTEM32\WINMM.dll
0x00007ffc58e60000 - 0x00007ffc58ecb000 	C:\Windows\System32\WS2_32.dll
0x00007ffc55820000 - 0x00007ffc55832000 	C:\Windows\SYSTEM32\kernel.appcore.dll
0x00007ffc52e80000 - 0x00007ffc52e8a000 	C:\ezen-academy\tools\eclipse\plugins\org.eclipse.justj.openjdk.hotspot.jre.full.win32.x86_64_17.0.5.v20221102-0933\jre\bin\jimage.dll
0x00007ffc45140000 - 0x00007ffc45324000 	C:\Windows\SYSTEM32\DBGHELP.DLL
0x00007ffc44b00000 - 0x00007ffc44b35000 	C:\Windows\SYSTEM32\dbgcore.DLL
0x00007ffc57ff0000 - 0x00007ffc58072000 	C:\Windows\System32\bcryptPrimitives.dll
0x00007ffc4c330000 - 0x00007ffc4c355000 	C:\ezen-academy\tools\eclipse\plugins\org.eclipse.justj.openjdk.hotspot.jre.full.win32.x86_64_17.0.5.v20221102-0933\jre\bin\java.dll
0x00007ffc50250000 - 0x00007ffc50268000 	C:\ezen-academy\tools\eclipse\plugins\org.eclipse.justj.openjdk.hotspot.jre.full.win32.x86_64_17.0.5.v20221102-0933\jre\bin\zip.dll
0x00007ffc598c0000 - 0x00007ffc5a004000 	C:\Windows\System32\SHELL32.dll
0x00007ffc55a20000 - 0x00007ffc561b2000 	C:\Windows\SYSTEM32\windows.storage.dll
0x00007ffc58970000 - 0x00007ffc58cc5000 	C:\Windows\System32\combase.dll
0x00007ffc573a0000 - 0x00007ffc573d0000 	C:\Windows\SYSTEM32\Wldp.dll
0x00007ffc58cd0000 - 0x00007ffc58d7d000 	C:\Windows\System32\SHCORE.dll
0x00007ffc58d80000 - 0x00007ffc58dd5000 	C:\Windows\System32\shlwapi.dll
0x00007ffc57880000 - 0x00007ffc5789f000 	C:\Windows\SYSTEM32\profapi.dll
0x00007ffc410b0000 - 0x00007ffc4123e000 	C:\ezen-academy\tools\eclipse\plugins\org.eclipse.justj.openjdk.hotspot.jre.full.win32.x86_64_17.0.5.v20221102-0933\jre\bin\awt.dll
0x00007ffc582f0000 - 0x00007ffc583bd000 	C:\Windows\System32\OLEAUT32.dll
0x00007ffc55240000 - 0x00007ffc552d1000 	C:\Windows\SYSTEM32\apphelp.dll

dbghelp: loaded successfully - version: 4.0.5 - missing functions: none
symbol engine: initialized successfully - sym options: 0x614 - pdb path: .;C:\ezen-academy\tools\eclipse\plugins\org.eclipse.justj.openjdk.hotspot.jre.full.win32.x86_64_17.0.5.v20221102-0933\jre\bin;C:\Windows\SYSTEM32;C:\Windows\WinSxS\amd64_microsoft.windows.common-controls_6595b64144ccf1df_6.0.19041.1110_none_60b5254171f9507e;C:\ezen-academy\tools\eclipse\plugins\org.eclipse.justj.openjdk.hotspot.jre.full.win32.x86_64_17.0.5.v20221102-0933\jre\bin\server

VM Arguments:
jvm_args: -Dfile.encoding=MS949 -XX:+ShowCodeDetailsInExceptionMessages 
java_command: ezen.ams.AMS2
java_class_path (initial): C:\ezen-academy\workspace\Java_oop\bin
Launcher Type: SUN_STANDARD

[Global flags]
     intx CICompilerCount                          = 4                                         {product} {ergonomic}
     uint ConcGCThreads                            = 2                                         {product} {ergonomic}
     uint G1ConcRefinementThreads                  = 8                                         {product} {ergonomic}
   size_t G1HeapRegionSize                         = 1048576                                   {product} {ergonomic}
    uintx GCDrainStackTargetSize                   = 64                                        {product} {ergonomic}
   size_t InitialHeapSize                          = 134217728                                 {product} {ergonomic}
   size_t MarkStackSize                            = 4194304                                   {product} {ergonomic}
   size_t MaxHeapSize                              = 2139095040                                {product} {ergonomic}
   size_t MaxNewSize                               = 1283457024                                {product} {ergonomic}
   size_t MinHeapDeltaBytes                        = 1048576                                   {product} {ergonomic}
   size_t MinHeapSize                              = 8388608                                   {product} {ergonomic}
    uintx NonNMethodCodeHeapSize                   = 5839372                                {pd product} {ergonomic}
    uintx NonProfiledCodeHeapSize                  = 122909434                              {pd product} {ergonomic}
    uintx ProfiledCodeHeapSize                     = 122909434                              {pd product} {ergonomic}
    uintx ReservedCodeCacheSize                    = 251658240                              {pd product} {ergonomic}
     bool SegmentedCodeCache                       = true                                      {product} {ergonomic}
     bool ShowCodeDetailsInExceptionMessages       = true                                   {manageable} {command line}
   size_t SoftMaxHeapSize                          = 2139095040                             {manageable} {ergonomic}
     bool UseCompressedClassPointers               = true                           {product lp64_product} {ergonomic}
     bool UseCompressedOops                        = true                           {product lp64_product} {ergonomic}
     bool UseG1GC                                  = true                                      {product} {ergonomic}
     bool UseLargePagesIndividualAllocation        = false                                  {pd product} {ergonomic}

Logging:
Log output configuration:
 #0: stdout all=warning uptime,level,tags
 #1: stderr all=off uptime,level,tags

Environment Variables:
JAVA_HOME=C:\Program Files\Eclipse Adoptium\jdk-11.0.17.8-hotspot
PATH=C:/ezen-academy/tools/eclipse//plugins/org.eclipse.justj.openjdk.hotspot.jre.full.win32.x86_64_17.0.5.v20221102-0933/jre/bin/server;C:/ezen-academy/tools/eclipse//plugins/org.eclipse.justj.openjdk.hotspot.jre.full.win32.x86_64_17.0.5.v20221102-0933/jre/bin;C:\Program Files\Eclipse Adoptium\jdk-11.0.17.8-hotspot\bin;C:\Program Files\Eclipse Adoptium\jdk-11.0.17.8-hotspot\bin;C:\oraclexe\app\oracle\product\11.2.0\server\bin;C:\Windows\system32;C:\Windows;C:\Windows\System32\Wbem;C:\Windows\System32\WindowsPowerShell\v1.0\;C:\Windows\System32\OpenSSH\;C:\Program Files\Eclipse Adoptium\jdk-11.0.17.8-hotspot;C:\Users\i7A-56\AppData\Local\Microsoft\WindowsApps;C:\Program Files\Bandizip\;C:\ezen-academy\tools\eclipse;
USERNAME=i7A-56
OS=Windows_NT
PROCESSOR_IDENTIFIER=Intel64 Family 6 Model 58 Stepping 9, GenuineIntel
TMP=C:\Users\i7A-56\AppData\Local\Temp
TEMP=C:\Users\i7A-56\AppData\Local\Temp



---------------  S Y S T E M  ---------------

OS:
 Windows 10 , 64 bit Build 19041 (10.0.19041.2364)
OS uptime: 32 days 8:08 hours

CPU: total 8 (initial active 8) (4 cores per cpu, 2 threads per core) family 6 model 58 stepping 9 microcode 0x21, cx8, cmov, fxsr, ht, mmx, sse, sse2, sse3, ssse3, sse4.1, sse4.2, popcnt, tsc, tscinvbit, avx, aes, erms, clmul, vzeroupper, clflush

Memory: 4k page, system-wide physical 8156M (386M free)
TotalPageFile size 32732M (AvailPageFile size 3M)
current process WorkingSet (physical memory assigned to process): 33M, peak: 33M
current process commit charge ("private bytes"): 205M, peak: 205M

vm_info: OpenJDK 64-Bit Server VM (17.0.5+8) for windows-amd64 JRE (17.0.5+8), built on Oct 19 2022 04:48:13 by "temurin" with MS VC++ 16.7 (VS2019)

END.
